query="t e s t p r e s s "WORK TO THA BEAT"" expected="t e s t p r e s s - WORK TO THA BEAT" found="Noizu - Push To Start (t e s t p r e s s Remix)"
query="mika Heggemann "Mosquito"" expected="mika Heggemann - Mosquito" found="Trancemaster Krause - Mosquito  (Extended Mix)"
query="leechy "Bounce Block Lewis Cameron"" expected="leechy - Bounce Block Lewis Cameron" found="Leechy - The Moment"
query="Ben Gold "And It Really Don’t Matter"" expected="Ben Gold - And It Really Don’t Matter" found="Tiger Bike - is it really possible for a cowboy to escape the cycle of death and rebirth"
query="OSIO "I Got (Original Mix) – IOSIO"" expected="OSIO - I Got (Original Mix) – IOSIO" found="Neneh Cherry - I've Got You Under My Skin (Original Baby Afrika Bambaataa & Booga Bear Mix)"
query="Kiki "ID"" expected="Kiki - ID" found="Kiki Dee - I'd Be Undone"
query="Modular Project "Right Now"" expected="Modular Project - Right Now" found="Modular Project - Don't Play Right"
query="Marlon Hoffstadt "Turn It Up"" expected="Marlon Hoffstadt - Turn It Up" found="AIVibeMusic - Turn It Up Tonight"
query="Ben Gold "Blackcard"" expected="Ben Gold - Blackcard" found="Ben Harper - Gold To Me"
query="KI/KI "Whats a girl to do in ’25"" expected="KI/KI - Whats a girl to do in ’25" found="KI/KI - What's a Girl to Do in '25"
query="FERRAND "RWTB"" expected="FERRAND - RWTB" found="Ferrand Lamar - Starfall"
query="FRANKYEFFE "WITH YOU"" expected="FRANKYEFFE - WITH YOU" found="Michael Jackson - Rock with You (Single Version)"
query="FELINAE "Steppa Felinae"" expected="FELINAE - Steppa Felinae" found="Pryapisme - A la Zheuleuleu"
query="TARS "I’ve Got That Flow"" expected="TARS - I’ve Got That Flow" found="Tars - I've Got That Flow"
query="Ben Gold "Poco Loco"" expected="Ben Gold - Poco Loco" found="Gene and Eunice - Poco Loco"
query="T-78 "The Antidote"" expected="T-78 - The Antidote" found="T78, Ballarak - The Antidote"
query="Kyle Wood "Drugs"" expected="Kyle Wood - Drugs" found="Will Wood - Sex, Drugs, Rock 'n' Roll"
query="EQUZE "Bounce Ritual"" expected="EQUZE - Bounce Ritual" found="ChromeFlexx - Solar Bounce Ritual"
query="Ben Gold "Lumi Idea"" expected="Ben Gold - Lumi Idea" found="Ben Harper - Gold To Me"
query="LE B "ON MY LEVEL"" expected="LE B - ON MY LEVEL" found="Versifyer - On My Level"
query="Fenrick "Silly Boi"" expected="Fenrick - Silly Boi" found="The Jellyfish Brothers - Silly Boi"
query="Scythe "Uno Dos Tres"" expected="Scythe - Uno Dos Tres" found="Willie Bobo - Fried Neck Bones And Some Home Fries"
query="Freddy Furr "Dame Pacito"" expected="Freddy Furr - Dame Pacito" found="Los Freddy's - Ven, dame tu fe"
query="Hammer House "The Jumper (Mass Medium Extended Remix) –"" expected="Hammer House - The Jumper (Mass Medium Extended Remix) –" found="Marko Simsa - Lied:"pa-Pa-Pa-Pa-Pa …"- Duett Papageno und Papagena aus "Die Zauberflöte", KV 620"
query="DJ IP "Sinensis"" expected="DJ IP - Sinensis" found="DJ IP - Wanna Feel"
query="MATT "Virgos"" expected="MATT - Virgos" found="Matt Jasper - Two Virgos"
query="Federico Guerrero "Feel It"" expected="Federico Guerrero - Feel It" found="Dostrescinco - Feel It (En Vivo)"
query="Afem Syko "Break"" expected="Afem Syko - Break" found="Afem Syko - Dream"
query="Fenrick "FENRIP"" expected="Fenrick - FENRIP" found="Fenrick - Insomnia 6000 (Emotional Mix)"
query=" "1999 – Matty Ralph"" expected="- 1999 – Matty Ralph" found="Matty Ralph - 1999"
query="AFEM "Why So Shy"" expected="AFEM - Why So Shy" found="El Camino Acid - Why So Shy"
query="KI/KI "Whats a girl to do in ’25"" expected="KI/KI - Whats a girl to do in ’25" found="KI/KI - What's a Girl to Do in '25"
query="DAN (DNA) "Distruction"" expected="DAN (DNA) - Distruction" found="Dhyana Dan - 741 Hz DNA Repair"
